<?xml version="1.0" encoding="UTF-8"?>
<!-- Generated by org.testng.reporters.JUnitXMLReporter -->
<testsuite ignored="0" hostname="DESKTOP-6P0AFNP" failures="0" tests="3" name="Surefire test" time="4.2" errors="0" timestamp="2026-05-23T08:49:36 IST">
  <testcase classname="base.BaseTest" name="@BeforeMethod setup" time="0.011">
    <failure type="java.lang.ExceptionInInitializerError">
      <![CDATA[java.lang.ExceptionInInitializerError
at factory.BrowserFactory.initBrowser(BrowserFactory.java:20)
at base.BaseTest.setup(BaseTest.java:30)
at java.base/java.util.ArrayList.forEach(ArrayList.java:1597)
Caused by: java.lang.RuntimeException: java.io.FileNotFoundException: src\test\resources\config\qa.properties (The system cannot find the path specified)
at config.ConfigReader.<clinit>(ConfigReader.java:20)
... 37 more
Caused by: java.io.FileNotFoundException: src\test\resources\config\qa.properties (The system cannot find the path specified)
at java.base/java.io.FileInputStream.open0(Native Method)
at java.base/java.io.FileInputStream.open(FileInputStream.java:213)
at java.base/java.io.FileInputStream.<init>(FileInputStream.java:152)
at java.base/java.io.FileInputStream.<init>(FileInputStream.java:106)
at config.ConfigReader.<clinit>(ConfigReader.java:17)
... 37 more
... Removed 34 stack frames]]>
    </failure>
  </testcase> <!-- @BeforeMethod setup -->
  <testcase classname="base.BaseTest" name="@BeforeMethod setup" time="0.0">
    <skipped/>
  </testcase> <!-- @BeforeMethod setup -->
  <testcase classname="tests.APITest" name="verifyUserCreationFlow" time="3.807"/>
  <testcase classname="tests.LoginPageTests" name="verifyLoginInvalidUser" time="0.0">
    <skipped/>
  </testcase> <!-- verifyLoginInvalidUser -->
  <testcase classname="tests.LoginPageTests" name="verifyLoginInvalidUser" time="0.0">
    <skipped/>
  </testcase> <!-- verifyLoginInvalidUser -->
</testsuite> <!-- Surefire test -->
